Traceback (most recent call last):
  File "/opt/hostedtoolcache/Python/3.10.10/x64/lib/python3.10/site-packages/jupyter_cache/executors/utils.py", line 58, in single_nb_execution
    executenb(
  File "/opt/hostedtoolcache/Python/3.10.10/x64/lib/python3.10/site-packages/nbclient/client.py", line 1204, in execute
    return NotebookClient(nb=nb, resources=resources, km=km, **kwargs).execute()
  File "/opt/hostedtoolcache/Python/3.10.10/x64/lib/python3.10/site-packages/nbclient/util.py", line 84, in wrapped
    return just_run(coro(*args, **kwargs))
  File "/opt/hostedtoolcache/Python/3.10.10/x64/lib/python3.10/site-packages/nbclient/util.py", line 62, in just_run
    return loop.run_until_complete(coro)
  File "/opt/hostedtoolcache/Python/3.10.10/x64/lib/python3.10/asyncio/base_events.py", line 649, in run_until_complete
    return future.result()
  File "/opt/hostedtoolcache/Python/3.10.10/x64/lib/python3.10/site-packages/nbclient/client.py", line 663, in async_execute
    await self.async_execute_cell(
  File "/opt/hostedtoolcache/Python/3.10.10/x64/lib/python3.10/site-packages/nbclient/client.py", line 965, in async_execute_cell
    await self._check_raise_for_error(cell, cell_index, exec_reply)
  File "/opt/hostedtoolcache/Python/3.10.10/x64/lib/python3.10/site-packages/nbclient/client.py", line 862, in _check_raise_for_error
    raise CellExecutionError.from_cell_and_msg(cell, exec_reply_content)
nbclient.exceptions.CellExecutionError: An error occurred while executing the following cell:
------------------
# Provide new observations
two_levels_hgf = two_levels_hgf.input_data(input_data=timeserie)
------------------

[0;31m---------------------------------------------------------------------------[0m
[0;31mTypeError[0m                                 Traceback (most recent call last)
Cell [0;32mIn[5], line 2[0m
[1;32m      1[0m [38;5;66;03m# Provide new observations[39;00m
[0;32m----> 2[0m two_levels_hgf [38;5;241m=[39m [43mtwo_levels_hgf[49m[38;5;241;43m.[39;49m[43minput_data[49m[43m([49m[43minput_data[49m[38;5;241;43m=[39;49m[43mtimeserie[49m[43m)[49m

File [0;32m~/work/pyhgf/pyhgf/pyhgf/model.py:231[0m, in [0;36mHGF.input_data[0;34m(self, input_data, time)[0m
[1;32m    225[0m data [38;5;241m=[39m jnp[38;5;241m.[39marray([input_data, time], dtype[38;5;241m=[39m[38;5;28mfloat[39m)[38;5;241m.[39mT
[1;32m    227[0m [38;5;66;03m# Run the entire for loop[39;00m
[1;32m    228[0m [38;5;66;03m# this is where the model loop over the input time series[39;00m
[1;32m    229[0m [38;5;66;03m# at each input the node structure is traversed and beliefs are updated[39;00m
[1;32m    230[0m [38;5;66;03m# using precision-weighted prediction errors[39;00m
[0;32m--> 231[0m _, node_trajectories [38;5;241m=[39m [43mscan[49m[43m([49m[43mscan_fn[49m[43m,[49m[43m [49m[38;5;28;43mself[39;49m[38;5;241;43m.[39;49m[43mnode_structure[49m[43m,[49m[43m [49m[43mdata[49m[43m)[49m
[1;32m    233[0m [38;5;66;03m# the node structure at each value update[39;00m
[1;32m    234[0m [38;5;28mself[39m[38;5;241m.[39mnode_trajectories [38;5;241m=[39m node_trajectories

    [0;31m[... skipping hidden 9 frame][0m

File [0;32m~/work/pyhgf/pyhgf/pyhgf/structure.py:34[0m, in [0;36mloop_inputs[0;34m(update_sequence, node_structure, data)[0m
[1;32m     31[0m value, time_step [38;5;241m=[39m data
[1;32m     33[0m [38;5;66;03m# Fit the model with the current time and value variables, given model structure[39;00m
[0;32m---> 34[0m new_node_structure [38;5;241m=[39m [43mapply_sequence[49m[43m([49m
[1;32m     35[0m [43m    [49m[43mnode_structure[49m[38;5;241;43m=[39;49m[43mnode_structure[49m[43m,[49m
[1;32m     36[0m [43m    [49m[43mupdate_sequence[49m[38;5;241;43m=[39;49m[43mupdate_sequence[49m[43m,[49m
[1;32m     37[0m [43m    [49m[43mvalue[49m[38;5;241;43m=[39;49m[43mvalue[49m[43m,[49m
[1;32m     38[0m [43m    [49m[43mtime_step[49m[38;5;241;43m=[39;49m[43mtime_step[49m[43m,[49m
[1;32m     39[0m [43m[49m[43m)[49m
[1;32m     41[0m [38;5;28;01mreturn[39;00m new_node_structure, new_node_structure

    [0;31m[... skipping hidden 5 frame][0m

File [0;32m~/work/pyhgf/pyhgf/pyhgf/structure.py:54[0m, in [0;36mapply_sequence[0;34m(node_structure, update_sequence, time_step, value)[0m
[1;32m     52[0m [38;5;28;01mfor[39;00m sequence [38;5;129;01min[39;00m update_sequence:
[1;32m     53[0m     node_idx, value_parents_idx, volatility_parents_idx, update_fn [38;5;241m=[39m sequence
[0;32m---> 54[0m     node_structure [38;5;241m=[39m [43mupdate_fn[49m[43m([49m
[1;32m     55[0m [43m        [49m[43mnode_structure[49m[38;5;241;43m=[39;49m[43mnode_structure[49m[43m,[49m
[1;32m     56[0m [43m        [49m[43mnode_idx[49m[38;5;241;43m=[39;49m[43mnode_idx[49m[43m,[49m
[1;32m     57[0m [43m        [49m[43mvalue_parents_idx[49m[38;5;241;43m=[39;49m[43mvalue_parents_idx[49m[43m,[49m
[1;32m     58[0m [43m        [49m[43mvolatility_parents_idx[49m[38;5;241;43m=[39;49m[43mvolatility_parents_idx[49m[43m,[49m
[1;32m     59[0m [43m        [49m[43mtime_step[49m[38;5;241;43m=[39;49m[43mtime_step[49m[43m,[49m
[1;32m     60[0m [43m        [49m[43mvalue[49m[38;5;241;43m=[39;49m[43mvalue[49m[43m,[49m
[1;32m     61[0m [43m    [49m[43m)[49m
[1;32m     62[0m [38;5;28;01mreturn[39;00m node_structure

[0;31mTypeError[0m: binary_input_update() got an unexpected keyword argument 'node_structure'
TypeError: binary_input_update() got an unexpected keyword argument 'node_structure'

