Traceback (most recent call last):
  File "/opt/hostedtoolcache/Python/3.9.16/x64/lib/python3.9/site-packages/jupyter_cache/executors/utils.py", line 58, in single_nb_execution
    executenb(
  File "/opt/hostedtoolcache/Python/3.9.16/x64/lib/python3.9/site-packages/nbclient/client.py", line 1204, in execute
    return NotebookClient(nb=nb, resources=resources, km=km, **kwargs).execute()
  File "/opt/hostedtoolcache/Python/3.9.16/x64/lib/python3.9/site-packages/nbclient/util.py", line 84, in wrapped
    return just_run(coro(*args, **kwargs))
  File "/opt/hostedtoolcache/Python/3.9.16/x64/lib/python3.9/site-packages/nbclient/util.py", line 62, in just_run
    return loop.run_until_complete(coro)
  File "/opt/hostedtoolcache/Python/3.9.16/x64/lib/python3.9/asyncio/base_events.py", line 647, in run_until_complete
    return future.result()
  File "/opt/hostedtoolcache/Python/3.9.16/x64/lib/python3.9/site-packages/nbclient/client.py", line 663, in async_execute
    await self.async_execute_cell(
  File "/opt/hostedtoolcache/Python/3.9.16/x64/lib/python3.9/site-packages/nbclient/client.py", line 965, in async_execute_cell
    await self._check_raise_for_error(cell, cell_index, exec_reply)
  File "/opt/hostedtoolcache/Python/3.9.16/x64/lib/python3.9/site-packages/nbclient/client.py", line 862, in _check_raise_for_error
    raise CellExecutionError.from_cell_and_msg(cell, exec_reply_content)
nbclient.exceptions.CellExecutionError: An error occurred while executing the following cell:
------------------
hgf_logp(
    omega_1 = -3.0,
    omega_2 = -3.0,
    omega_input = jnp.log(1e-4),
    rho_1 = 0.0,
    rho_2 = 0.0,
    pi_1 = 1e4,
    pi_2 = 1e1,
    mu_1 = 1.0,
    mu_2 = 0.0,
    kappa_1 = 1.0,
    bias = 0.0,
    input_data = data,
    model_type = "continuous",
    n_levels = 2,
    response_function = None
)
------------------

[0;31m---------------------------------------------------------------------------[0m
[0;31mTypeError[0m                                 Traceback (most recent call last)
Cell [0;32mIn[3], line 1[0m
[0;32m----> 1[0m [43mhgf_logp[49m[43m([49m
[1;32m      2[0m [43m    [49m[43momega_1[49m[43m [49m[38;5;241;43m=[39;49m[43m [49m[38;5;241;43m-[39;49m[38;5;241;43m3.0[39;49m[43m,[49m
[1;32m      3[0m [43m    [49m[43momega_2[49m[43m [49m[38;5;241;43m=[39;49m[43m [49m[38;5;241;43m-[39;49m[38;5;241;43m3.0[39;49m[43m,[49m
[1;32m      4[0m [43m    [49m[43momega_input[49m[43m [49m[38;5;241;43m=[39;49m[43m [49m[43mjnp[49m[38;5;241;43m.[39;49m[43mlog[49m[43m([49m[38;5;241;43m1e-4[39;49m[43m)[49m[43m,[49m
[1;32m      5[0m [43m    [49m[43mrho_1[49m[43m [49m[38;5;241;43m=[39;49m[43m [49m[38;5;241;43m0.0[39;49m[43m,[49m
[1;32m      6[0m [43m    [49m[43mrho_2[49m[43m [49m[38;5;241;43m=[39;49m[43m [49m[38;5;241;43m0.0[39;49m[43m,[49m
[1;32m      7[0m [43m    [49m[43mpi_1[49m[43m [49m[38;5;241;43m=[39;49m[43m [49m[38;5;241;43m1e4[39;49m[43m,[49m
[1;32m      8[0m [43m    [49m[43mpi_2[49m[43m [49m[38;5;241;43m=[39;49m[43m [49m[38;5;241;43m1e1[39;49m[43m,[49m
[1;32m      9[0m [43m    [49m[43mmu_1[49m[43m [49m[38;5;241;43m=[39;49m[43m [49m[38;5;241;43m1.0[39;49m[43m,[49m
[1;32m     10[0m [43m    [49m[43mmu_2[49m[43m [49m[38;5;241;43m=[39;49m[43m [49m[38;5;241;43m0.0[39;49m[43m,[49m
[1;32m     11[0m [43m    [49m[43mkappa_1[49m[43m [49m[38;5;241;43m=[39;49m[43m [49m[38;5;241;43m1.0[39;49m[43m,[49m
[1;32m     12[0m [43m    [49m[43mbias[49m[43m [49m[38;5;241;43m=[39;49m[43m [49m[38;5;241;43m0.0[39;49m[43m,[49m
[1;32m     13[0m [43m    [49m[43minput_data[49m[43m [49m[38;5;241;43m=[39;49m[43m [49m[43mdata[49m[43m,[49m
[1;32m     14[0m [43m    [49m[43mmodel_type[49m[43m [49m[38;5;241;43m=[39;49m[43m [49m[38;5;124;43m"[39;49m[38;5;124;43mcontinuous[39;49m[38;5;124;43m"[39;49m[43m,[49m
[1;32m     15[0m [43m    [49m[43mn_levels[49m[43m [49m[38;5;241;43m=[39;49m[43m [49m[38;5;241;43m2[39;49m[43m,[49m
[1;32m     16[0m [43m    [49m[43mresponse_function[49m[43m [49m[38;5;241;43m=[39;49m[43m [49m[38;5;28;43;01mNone[39;49;00m
[1;32m     17[0m [43m)[49m

[0;31mTypeError[0m: hgf_logp() missing 5 required positional arguments: 'omega_3', 'rho_3', 'pi_3', 'mu_3', and 'kappa_2'
TypeError: hgf_logp() missing 5 required positional arguments: 'omega_3', 'rho_3', 'pi_3', 'mu_3', and 'kappa_2'

