Traceback (most recent call last):
  File "/opt/hostedtoolcache/Python/3.10.10/x64/lib/python3.10/site-packages/jupyter_cache/executors/utils.py", line 58, in single_nb_execution
    executenb(
  File "/opt/hostedtoolcache/Python/3.10.10/x64/lib/python3.10/site-packages/nbclient/client.py", line 1204, in execute
    return NotebookClient(nb=nb, resources=resources, km=km, **kwargs).execute()
  File "/opt/hostedtoolcache/Python/3.10.10/x64/lib/python3.10/site-packages/nbclient/util.py", line 84, in wrapped
    return just_run(coro(*args, **kwargs))
  File "/opt/hostedtoolcache/Python/3.10.10/x64/lib/python3.10/site-packages/nbclient/util.py", line 62, in just_run
    return loop.run_until_complete(coro)
  File "/opt/hostedtoolcache/Python/3.10.10/x64/lib/python3.10/asyncio/base_events.py", line 649, in run_until_complete
    return future.result()
  File "/opt/hostedtoolcache/Python/3.10.10/x64/lib/python3.10/site-packages/nbclient/client.py", line 663, in async_execute
    await self.async_execute_cell(
  File "/opt/hostedtoolcache/Python/3.10.10/x64/lib/python3.10/site-packages/nbclient/client.py", line 965, in async_execute_cell
    await self._check_raise_for_error(cell, cell_index, exec_reply)
  File "/opt/hostedtoolcache/Python/3.10.10/x64/lib/python3.10/site-packages/nbclient/client.py", line 862, in _check_raise_for_error
    raise CellExecutionError.from_cell_and_msg(cell, exec_reply_content)
nbclient.exceptions.CellExecutionError: An error occurred while executing the following cell:
------------------
from pyhgf.distribution import HGFDistribution
from pyhgf.model import HGF
import numpy as np
import pymc as pm
import arviz as az
import matplotlib.pyplot as plt
import seaborn as sns
from systole.detection import ecg_peaks
from systole.utils import input_conversion
from systole import import_dataset1
from systole.plots import plot_raw
------------------

[0;31m---------------------------------------------------------------------------[0m
[0;31mModuleNotFoundError[0m                       Traceback (most recent call last)
Cell [0;32mIn[1], line 8[0m
[1;32m      6[0m [38;5;28;01mimport[39;00m [38;5;21;01mmatplotlib[39;00m[38;5;21;01m.[39;00m[38;5;21;01mpyplot[39;00m [38;5;28;01mas[39;00m [38;5;21;01mplt[39;00m
[1;32m      7[0m [38;5;28;01mimport[39;00m [38;5;21;01mseaborn[39;00m [38;5;28;01mas[39;00m [38;5;21;01msns[39;00m
[0;32m----> 8[0m [38;5;28;01mfrom[39;00m [38;5;21;01msystole[39;00m[38;5;21;01m.[39;00m[38;5;21;01mdetection[39;00m [38;5;28;01mimport[39;00m ecg_peaks
[1;32m      9[0m [38;5;28;01mfrom[39;00m [38;5;21;01msystole[39;00m[38;5;21;01m.[39;00m[38;5;21;01mutils[39;00m [38;5;28;01mimport[39;00m input_conversion
[1;32m     10[0m [38;5;28;01mfrom[39;00m [38;5;21;01msystole[39;00m [38;5;28;01mimport[39;00m import_dataset1

File [0;32m/opt/hostedtoolcache/Python/3.10.10/x64/lib/python3.10/site-packages/systole/__init__.py:6[0m
[1;32m      4[0m [38;5;28;01mfrom[39;00m [38;5;21;01m.[39;00m[38;5;21;01mhrv[39;00m [38;5;28;01mimport[39;00m [38;5;241m*[39m
[1;32m      5[0m [38;5;28;01mfrom[39;00m [38;5;21;01m.[39;00m[38;5;21;01mio[39;00m [38;5;28;01mimport[39;00m [38;5;241m*[39m
[0;32m----> 6[0m [38;5;28;01mfrom[39;00m [38;5;21;01m.[39;00m[38;5;21;01mplots[39;00m [38;5;28;01mimport[39;00m [38;5;241m*[39m
[1;32m      7[0m [38;5;28;01mfrom[39;00m [38;5;21;01m.[39;00m[38;5;21;01mutils[39;00m [38;5;28;01mimport[39;00m [38;5;241m*[39m
[1;32m      9[0m __version__ [38;5;241m=[39m [38;5;124m"[39m[38;5;124m0.2.4[39m[38;5;124m"[39m

File [0;32m/opt/hostedtoolcache/Python/3.10.10/x64/lib/python3.10/site-packages/systole/plots/__init__.py:3[0m
[1;32m      1[0m [38;5;124;03m"""Plotting functions."""[39;00m
[1;32m      2[0m [38;5;28;01mfrom[39;00m [38;5;21;01m.[39;00m[38;5;21;01mplot_circular[39;00m [38;5;28;01mimport[39;00m plot_circular
[0;32m----> 3[0m [38;5;28;01mfrom[39;00m [38;5;21;01m.[39;00m[38;5;21;01mplot_ectopic[39;00m [38;5;28;01mimport[39;00m plot_ectopic
[1;32m      4[0m [38;5;28;01mfrom[39;00m [38;5;21;01m.[39;00m[38;5;21;01mplot_events[39;00m [38;5;28;01mimport[39;00m plot_events
[1;32m      5[0m [38;5;28;01mfrom[39;00m [38;5;21;01m.[39;00m[38;5;21;01mplot_evoked[39;00m [38;5;28;01mimport[39;00m plot_evoked

File [0;32m/opt/hostedtoolcache/Python/3.10.10/x64/lib/python3.10/site-packages/systole/plots/plot_ectopic.py:6[0m
[1;32m      3[0m [38;5;28;01mfrom[39;00m [38;5;21;01mtyping[39;00m [38;5;28;01mimport[39;00m Dict, List, Optional, Tuple, Union, overload
[1;32m      5[0m [38;5;28;01mimport[39;00m [38;5;21;01mnumpy[39;00m [38;5;28;01mas[39;00m [38;5;21;01mnp[39;00m
[0;32m----> 6[0m [38;5;28;01mfrom[39;00m [38;5;21;01mbokeh[39;00m[38;5;21;01m.[39;00m[38;5;21;01mplotting[39;00m[38;5;21;01m.[39;00m[38;5;21;01mfigure[39;00m [38;5;28;01mimport[39;00m Figure
[1;32m      7[0m [38;5;28;01mfrom[39;00m [38;5;21;01mmatplotlib[39;00m[38;5;21;01m.[39;00m[38;5;21;01maxes[39;00m [38;5;28;01mimport[39;00m Axes
[1;32m      9[0m [38;5;28;01mfrom[39;00m [38;5;21;01msystole[39;00m[38;5;21;01m.[39;00m[38;5;21;01mcorrection[39;00m [38;5;28;01mimport[39;00m rr_artefacts

[0;31mModuleNotFoundError[0m: No module named 'bokeh.plotting.figure'
ModuleNotFoundError: No module named 'bokeh.plotting.figure'

